This file contains any messages produced by compilers while
running configure, to aid debugging if configure makes a mistake.

It was created by emit configure 1.0.0, which was
generated by GNU Autoconf 2.69.  Invocation command line was

  $ ./configure --with-geocal=/opt/afids --prefix=/bigdata/mhessflores/aviris-ng/emit-sds-l1b-geo/install --with-test-data=/ldata/smyth/emit-test-data --no-create --no-recursion

## --------- ##
## Platform. ##
## --------- ##

hostname = rifle
uname -m = x86_64
uname -r = 3.10.0-1160.53.1.el7.x86_64
uname -s = Linux
uname -v = #1 SMP Fri Jan 14 13:59:45 UTC 2022

/usr/bin/uname -p = x86_64
/bin/uname -X     = unknown

/bin/arch              = x86_64
/usr/bin/arch -k       = unknown
/usr/convex/getsysinfo = unknown
/usr/bin/hostinfo      = unknown
/bin/machine           = unknown
/usr/bin/oslevel       = unknown
/bin/universe          = unknown

PATH: /bigdata/mhessflores/aviris-ng/emit-sds-l1b-geo/install/bin
PATH: @pythonpath@
PATH: /opt/afids/bin
PATH: /opt/afids/bin
PATH: /opt/afids_support/bin
PATH: /usr/local/bin
PATH: /usr/bin
PATH: /usr/local/sbin
PATH: /usr/sbin


## ----------- ##
## Core tests. ##
## ----------- ##

configure:2494: checking for gcc
configure:2510: found /usr/bin/gcc
configure:2521: result: gcc
configure:2750: checking for C compiler version
configure:2759: gcc --version >&5
gcc (GCC) 4.8.5 20150623 (Red Hat 4.8.5-44)
Copyright (C) 2015 Free Software Foundation, Inc.
This is free software; see the source for copying conditions.  There is NO
warranty; not even for MERCHANTABILITY or FITNESS FOR A PARTICULAR PURPOSE.

configure:2770: $? = 0
configure:2759: gcc -v >&5
Using built-in specs.
COLLECT_GCC=gcc
COLLECT_LTO_WRAPPER=/usr/libexec/gcc/x86_64-redhat-linux/4.8.5/lto-wrapper
Target: x86_64-redhat-linux
Configured with: ../configure --prefix=/usr --mandir=/usr/share/man --infodir=/usr/share/info --with-bugurl=http://bugzilla.redhat.com/bugzilla --enable-bootstrap --enable-shared --enable-threads=posix --enable-checking=release --with-system-zlib --enable-__cxa_atexit --disable-libunwind-exceptions --enable-gnu-unique-object --enable-linker-build-id --with-linker-hash-style=gnu --enable-languages=c,c++,objc,obj-c++,java,fortran,ada,go,lto --enable-plugin --enable-initfini-array --disable-libgcj --with-isl=/builddir/build/BUILD/gcc-4.8.5-20150702/obj-x86_64-redhat-linux/isl-install --with-cloog=/builddir/build/BUILD/gcc-4.8.5-20150702/obj-x86_64-redhat-linux/cloog-install --enable-gnu-indirect-function --with-tune=generic --with-arch_32=x86-64 --build=x86_64-redhat-linux
Thread model: posix
gcc version 4.8.5 20150623 (Red Hat 4.8.5-44) (GCC) 
configure:2770: $? = 0
configure:2759: gcc -V >&5
gcc: error: unrecognized command line option '-V'
gcc: fatal error: no input files
compilation terminated.
configure:2770: $? = 4
configure:2759: gcc -qversion >&5
gcc: error: unrecognized command line option '-qversion'
gcc: fatal error: no input files
compilation terminated.
configure:2770: $? = 4
configure:2790: checking whether the C compiler works
configure:2812: gcc    conftest.c  >&5
configure:2816: $? = 0
configure:2864: result: yes
configure:2867: checking for C compiler default output file name
configure:2869: result: a.out
configure:2875: checking for suffix of executables
configure:2882: gcc -o conftest    conftest.c  >&5
configure:2886: $? = 0
configure:2908: result: 
configure:2930: checking whether we are cross compiling
configure:2938: gcc -o conftest    conftest.c  >&5
configure:2942: $? = 0
configure:2949: ./conftest
configure:2953: $? = 0
configure:2968: result: no
configure:2973: checking for suffix of object files
configure:2995: gcc -c   conftest.c >&5
configure:2999: $? = 0
configure:3020: result: o
configure:3024: checking whether we are using the GNU C compiler
configure:3043: gcc -c   conftest.c >&5
configure:3043: $? = 0
configure:3052: result: yes
configure:3061: checking whether gcc accepts -g
configure:3081: gcc -c -g  conftest.c >&5
configure:3081: $? = 0
configure:3122: result: yes
configure:3139: checking for gcc option to accept ISO C89
configure:3202: gcc  -c -g -O2  conftest.c >&5
configure:3202: $? = 0
configure:3215: result: none needed
configure:3240: checking whether gcc understands -c and -o together
configure:3262: gcc -c conftest.c -o conftest2.o
configure:3265: $? = 0
configure:3262: gcc -c conftest.c -o conftest2.o
configure:3265: $? = 0
configure:3277: result: yes
configure:3352: checking for g++
configure:3368: found /usr/bin/g++
configure:3379: result: g++
configure:3406: checking for C++ compiler version
configure:3415: g++ --version >&5
g++ (GCC) 4.8.5 20150623 (Red Hat 4.8.5-44)
Copyright (C) 2015 Free Software Foundation, Inc.
This is free software; see the source for copying conditions.  There is NO
warranty; not even for MERCHANTABILITY or FITNESS FOR A PARTICULAR PURPOSE.

configure:3426: $? = 0
configure:3415: g++ -v >&5
Using built-in specs.
COLLECT_GCC=g++
COLLECT_LTO_WRAPPER=/usr/libexec/gcc/x86_64-redhat-linux/4.8.5/lto-wrapper
Target: x86_64-redhat-linux
Configured with: ../configure --prefix=/usr --mandir=/usr/share/man --infodir=/usr/share/info --with-bugurl=http://bugzilla.redhat.com/bugzilla --enable-bootstrap --enable-shared --enable-threads=posix --enable-checking=release --with-system-zlib --enable-__cxa_atexit --disable-libunwind-exceptions --enable-gnu-unique-object --enable-linker-build-id --with-linker-hash-style=gnu --enable-languages=c,c++,objc,obj-c++,java,fortran,ada,go,lto --enable-plugin --enable-initfini-array --disable-libgcj --with-isl=/builddir/build/BUILD/gcc-4.8.5-20150702/obj-x86_64-redhat-linux/isl-install --with-cloog=/builddir/build/BUILD/gcc-4.8.5-20150702/obj-x86_64-redhat-linux/cloog-install --enable-gnu-indirect-function --with-tune=generic --with-arch_32=x86-64 --build=x86_64-redhat-linux
Thread model: posix
gcc version 4.8.5 20150623 (Red Hat 4.8.5-44) (GCC) 
configure:3426: $? = 0
configure:3415: g++ -V >&5
g++: error: unrecognized command line option '-V'
g++: fatal error: no input files
compilation terminated.
configure:3426: $? = 4
configure:3415: g++ -qversion >&5
g++: error: unrecognized command line option '-qversion'
g++: fatal error: no input files
compilation terminated.
configure:3426: $? = 4
configure:3430: checking whether we are using the GNU C++ compiler
configure:3449: g++ -c   conftest.cpp >&5
configure:3449: $? = 0
configure:3458: result: yes
configure:3467: checking whether g++ accepts -g
configure:3487: g++ -c -g  conftest.cpp >&5
configure:3487: $? = 0
configure:3528: result: yes
configure:3567: checking for a BSD-compatible install
configure:3635: result: /usr/bin/install -c
configure:3646: checking whether build environment is sane
configure:3701: result: yes
configure:3849: checking for a thread-safe mkdir -p
configure:3888: result: /usr/bin/mkdir -p
configure:3895: checking for gawk
configure:3911: found /usr/bin/gawk
configure:3922: result: gawk
configure:3933: checking whether make sets $(MAKE)
configure:3955: result: yes
configure:3977: checking whether make supports the include directive
configure:3992: make -f confmf.GNU && cat confinc.out
make[1]: Entering directory `/bigdata/mhessflores/aviris-ng/emit-sds-l1b-geo'
make[1]: Leaving directory `/bigdata/mhessflores/aviris-ng/emit-sds-l1b-geo'
this is the am__doit target
configure:3995: $? = 0
configure:4014: result: yes (GNU style)
configure:4047: checking whether make supports nested variables
configure:4064: result: yes
configure:4104: checking build system type
configure:4118: result: x86_64-pc-linux-gnu
configure:4138: checking host system type
configure:4151: result: x86_64-pc-linux-gnu
configure:4192: checking how to print strings
configure:4219: result: printf
configure:4240: checking for a sed that does not truncate output
configure:4304: result: /usr/bin/sed
configure:4322: checking for grep that handles long lines and -e
configure:4380: result: /usr/bin/grep
configure:4385: checking for egrep
configure:4447: result: /usr/bin/grep -E
configure:4452: checking for fgrep
configure:4514: result: /usr/bin/grep -F
configure:4549: checking for ld used by gcc
configure:4616: result: /usr/bin/ld
configure:4623: checking if the linker (/usr/bin/ld) is GNU ld
configure:4638: result: yes
configure:4650: checking for BSD- or MS-compatible name lister (nm)
configure:4704: result: /usr/bin/nm -B
configure:4834: checking the name lister (/usr/bin/nm -B) interface
configure:4841: gcc -c -g -O2  conftest.c >&5
configure:4844: /usr/bin/nm -B "conftest.o"
configure:4847: output
0000000000000000 B some_variable
configure:4854: result: BSD nm
configure:4857: checking whether ln -s works
configure:4861: result: yes
configure:4869: checking the maximum length of command line arguments
configure:5000: result: 1572864
configure:5048: checking how to convert x86_64-pc-linux-gnu file names to x86_64-pc-linux-gnu format
configure:5088: result: func_convert_file_noop
configure:5095: checking how to convert x86_64-pc-linux-gnu file names to toolchain format
configure:5115: result: func_convert_file_noop
configure:5122: checking for /usr/bin/ld option to reload object files
configure:5129: result: -r
configure:5203: checking for objdump
configure:5219: found /usr/bin/objdump
configure:5230: result: objdump
configure:5262: checking how to recognize dependent libraries
configure:5462: result: pass_all
configure:5547: checking for dlltool
configure:5577: result: no
configure:5607: checking how to associate runtime and link libraries
configure:5634: result: printf %s\n
configure:5695: checking for ar
configure:5711: found /usr/bin/ar
configure:5722: result: ar
configure:5759: checking for archiver @FILE support
configure:5776: gcc -c -g -O2  conftest.c >&5
configure:5776: $? = 0
configure:5779: ar cru libconftest.a @conftest.lst >&5
configure:5782: $? = 0
configure:5787: ar cru libconftest.a @conftest.lst >&5
ar: conftest.o: No such file or directory
configure:5790: $? = 1
configure:5802: result: @
configure:5860: checking for strip
configure:5876: found /usr/bin/strip
configure:5887: result: strip
configure:5959: checking for ranlib
configure:5975: found /usr/bin/ranlib
configure:5986: result: ranlib
configure:6088: checking command to parse /usr/bin/nm -B output from gcc object
configure:6241: gcc -c -g -O2  conftest.c >&5
configure:6244: $? = 0
configure:6248: /usr/bin/nm -B conftest.o \| sed -n -e 's/^.*[ ]\([ABCDGIRSTW][ABCDGIRSTW]*\)[ ][ ]*\([_A-Za-z][_A-Za-z0-9]*\)$/\1 \2 \2/p' | sed '/ __gnu_lto/d' \> conftest.nm
configure:6251: $? = 0
configure:6317: gcc -o conftest -g -O2   conftest.c conftstm.o >&5
configure:6320: $? = 0
configure:6358: result: ok
configure:6405: checking for sysroot
configure:6435: result: no
configure:6442: checking for a working dd
configure:6480: result: /usr/bin/dd
configure:6484: checking how to truncate binary pipes
configure:6499: result: /usr/bin/dd bs=4096 count=1
configure:6635: gcc -c -g -O2  conftest.c >&5
configure:6638: $? = 0
configure:6828: checking for mt
configure:6858: result: no
configure:6878: checking if : is a manifest tool
configure:6884: : '-?'
configure:6892: result: no
configure:7569: checking how to run the C preprocessor
configure:7600: gcc -E  conftest.c
configure:7600: $? = 0
configure:7614: gcc -E  conftest.c
conftest.c:9:28: fatal error: ac_nonexistent.h: No such file or directory
 #include <ac_nonexistent.h>
                            ^
compilation terminated.
configure:7614: $? = 1
configure: failed program was:
| /* confdefs.h */
| #define PACKAGE_NAME "emit"
| #define PACKAGE_TARNAME "emit"
| #define PACKAGE_VERSION "1.0.0"
| #define PACKAGE_STRING "emit 1.0.0"
| #define PACKAGE_BUGREPORT ""
| #define PACKAGE_URL ""
| /* end confdefs.h.  */
| #include <ac_nonexistent.h>
configure:7639: result: gcc -E
configure:7659: gcc -E  conftest.c
configure:7659: $? = 0
configure:7673: gcc -E  conftest.c
conftest.c:9:28: fatal error: ac_nonexistent.h: No such file or directory
 #include <ac_nonexistent.h>
                            ^
compilation terminated.
configure:7673: $? = 1
configure: failed program was:
| /* confdefs.h */
| #define PACKAGE_NAME "emit"
| #define PACKAGE_TARNAME "emit"
| #define PACKAGE_VERSION "1.0.0"
| #define PACKAGE_STRING "emit 1.0.0"
| #define PACKAGE_BUGREPORT ""
| #define PACKAGE_URL ""
| /* end confdefs.h.  */
| #include <ac_nonexistent.h>
configure:7702: checking for ANSI C header files
configure:7722: gcc -c -g -O2  conftest.c >&5
configure:7722: $? = 0
configure:7795: gcc -o conftest -g -O2   conftest.c  >&5
configure:7795: $? = 0
configure:7795: ./conftest
configure:7795: $? = 0
configure:7806: result: yes
configure:7819: checking for sys/types.h
configure:7819: gcc -c -g -O2  conftest.c >&5
configure:7819: $? = 0
configure:7819: result: yes
configure:7819: checking for sys/stat.h
configure:7819: gcc -c -g -O2  conftest.c >&5
configure:7819: $? = 0
configure:7819: result: yes
configure:7819: checking for stdlib.h
configure:7819: gcc -c -g -O2  conftest.c >&5
configure:7819: $? = 0
configure:7819: result: yes
configure:7819: checking for string.h
configure:7819: gcc -c -g -O2  conftest.c >&5
configure:7819: $? = 0
configure:7819: result: yes
configure:7819: checking for memory.h
configure:7819: gcc -c -g -O2  conftest.c >&5
configure:7819: $? = 0
configure:7819: result: yes
configure:7819: checking for strings.h
configure:7819: gcc -c -g -O2  conftest.c >&5
configure:7819: $? = 0
configure:7819: result: yes
configure:7819: checking for inttypes.h
configure:7819: gcc -c -g -O2  conftest.c >&5
configure:7819: $? = 0
configure:7819: result: yes
configure:7819: checking for stdint.h
configure:7819: gcc -c -g -O2  conftest.c >&5
configure:7819: $? = 0
configure:7819: result: yes
configure:7819: checking for unistd.h
configure:7819: gcc -c -g -O2  conftest.c >&5
configure:7819: $? = 0
configure:7819: result: yes
configure:7833: checking for dlfcn.h
configure:7833: gcc -c -g -O2  conftest.c >&5
configure:7833: $? = 0
configure:7833: result: yes
configure:7872: checking for g++
configure:7888: found /usr/bin/g++
configure:7900: result: yes
configure:7916: checking for csh
configure:7932: found /usr/bin/csh
configure:7944: result: yes
configure:8034: checking how to create a pax tar archive
configure:8045: tar --version
tar (GNU tar) 1.26
Copyright (C) 2011 Free Software Foundation, Inc.
License GPLv3+: GNU GPL version 3 or later <http://gnu.org/licenses/gpl.html>.
This is free software: you are free to change and redistribute it.
There is NO WARRANTY, to the extent permitted by law.

Written by John Gilmore and Jay Fenlason.
configure:8048: $? = 0
configure:8088: tardir=conftest.dir && eval tar --format=posix -chf - "$tardir" >conftest.tar
configure:8091: $? = 0
configure:8095: tar -xf - <conftest.tar
configure:8098: $? = 0
configure:8100: cat conftest.dir/file
GrepMe
configure:8103: $? = 0
configure:8116: result: gnutar
configure:8125: checking dependency style of gcc
configure:8236: result: gcc3
configure:8253: checking dependency style of g++
configure:8364: result: gcc3
configure:8423: checking whether to enable maintainer-specific portions of Makefiles
configure:8432: result: no
configure:8690: checking for objdir
configure:8705: result: .libs
configure:8969: checking if gcc supports -fno-rtti -fno-exceptions
configure:8987: gcc -c -g -O2  -fno-rtti -fno-exceptions conftest.c >&5
cc1: warning: command line option '-fno-rtti' is valid for C++/ObjC++ but not for C [enabled by default]
configure:8991: $? = 0
configure:9004: result: no
configure:9362: checking for gcc option to produce PIC
configure:9369: result: -fPIC -DPIC
configure:9377: checking if gcc PIC flag -fPIC -DPIC works
configure:9395: gcc -c -g -O2  -fPIC -DPIC -DPIC conftest.c >&5
configure:9399: $? = 0
configure:9412: result: yes
configure:9441: checking if gcc static flag -static works
configure:9469: result: no
configure:9484: checking if gcc supports -c -o file.o
configure:9505: gcc -c -g -O2  -o out/conftest2.o conftest.c >&5
configure:9509: $? = 0
configure:9531: result: yes
configure:9539: checking if gcc supports -c -o file.o
configure:9586: result: yes
configure:9619: checking whether the gcc linker (/usr/bin/ld -m elf_x86_64) supports shared libraries
configure:10878: result: yes
configure:10915: checking whether -lc should be explicitly linked in
configure:10923: gcc -c -g -O2  conftest.c >&5
configure:10926: $? = 0
configure:10941: gcc -shared  -fPIC -DPIC conftest.o  -v -Wl,-soname -Wl,conftest -o conftest 2\>\&1 \| /usr/bin/grep  -lc  \>/dev/null 2\>\&1
configure:10944: $? = 0
configure:10958: result: no
configure:11118: checking dynamic linker characteristics
configure:11699: gcc -o conftest -g -O2   -Wl,-rpath -Wl,/foo conftest.c  >&5
configure:11699: $? = 0
configure:11936: result: GNU/Linux ld.so
configure:12058: checking how to hardcode library paths into programs
configure:12083: result: immediate
configure:12631: checking whether stripping libraries is possible
configure:12636: result: yes
configure:12671: checking if libtool supports shared libraries
configure:12673: result: yes
configure:12676: checking whether to build shared libraries
configure:12701: result: yes
configure:12704: checking whether to build static libraries
configure:12708: result: yes
configure:12731: checking how to run the C++ preprocessor
configure:12758: g++ -E  conftest.cpp
configure:12758: $? = 0
configure:12772: g++ -E  conftest.cpp
conftest.cpp:23:28: fatal error: ac_nonexistent.h: No such file or directory
 #include <ac_nonexistent.h>
                            ^
compilation terminated.
configure:12772: $? = 1
configure: failed program was:
| /* confdefs.h */
| #define PACKAGE_NAME "emit"
| #define PACKAGE_TARNAME "emit"
| #define PACKAGE_VERSION "1.0.0"
| #define PACKAGE_STRING "emit 1.0.0"
| #define PACKAGE_BUGREPORT ""
| #define PACKAGE_URL ""
| #define STDC_HEADERS 1
| #define HAVE_SYS_TYPES_H 1
| #define HAVE_SYS_STAT_H 1
| #define HAVE_STDLIB_H 1
| #define HAVE_STRING_H 1
| #define HAVE_MEMORY_H 1
| #define HAVE_STRINGS_H 1
| #define HAVE_INTTYPES_H 1
| #define HAVE_STDINT_H 1
| #define HAVE_UNISTD_H 1
| #define HAVE_DLFCN_H 1
| #define PACKAGE "emit"
| #define VERSION "1.0.0"
| #define LT_OBJDIR ".libs/"
| /* end confdefs.h.  */
| #include <ac_nonexistent.h>
configure:12797: result: g++ -E
configure:12817: g++ -E  conftest.cpp
configure:12817: $? = 0
configure:12831: g++ -E  conftest.cpp
conftest.cpp:23:28: fatal error: ac_nonexistent.h: No such file or directory
 #include <ac_nonexistent.h>
                            ^
compilation terminated.
configure:12831: $? = 1
configure: failed program was:
| /* confdefs.h */
| #define PACKAGE_NAME "emit"
| #define PACKAGE_TARNAME "emit"
| #define PACKAGE_VERSION "1.0.0"
| #define PACKAGE_STRING "emit 1.0.0"
| #define PACKAGE_BUGREPORT ""
| #define PACKAGE_URL ""
| #define STDC_HEADERS 1
| #define HAVE_SYS_TYPES_H 1
| #define HAVE_SYS_STAT_H 1
| #define HAVE_STDLIB_H 1
| #define HAVE_STRING_H 1
| #define HAVE_MEMORY_H 1
| #define HAVE_STRINGS_H 1
| #define HAVE_INTTYPES_H 1
| #define HAVE_STDINT_H 1
| #define HAVE_UNISTD_H 1
| #define HAVE_DLFCN_H 1
| #define PACKAGE "emit"
| #define VERSION "1.0.0"
| #define LT_OBJDIR ".libs/"
| /* end confdefs.h.  */
| #include <ac_nonexistent.h>
configure:12993: checking for ld used by g++
configure:13060: result: /usr/bin/ld -m elf_x86_64
configure:13067: checking if the linker (/usr/bin/ld -m elf_x86_64) is GNU ld
configure:13082: result: yes
configure:13137: checking whether the g++ linker (/usr/bin/ld -m elf_x86_64) supports shared libraries
configure:14210: result: yes
configure:14246: g++ -c -g -O2  conftest.cpp >&5
configure:14249: $? = 0
configure:14730: checking for g++ option to produce PIC
configure:14737: result: -fPIC -DPIC
configure:14745: checking if g++ PIC flag -fPIC -DPIC works
configure:14763: g++ -c -g -O2  -fPIC -DPIC -DPIC conftest.cpp >&5
configure:14767: $? = 0
configure:14780: result: yes
configure:14803: checking if g++ static flag -static works
configure:14831: result: no
configure:14843: checking if g++ supports -c -o file.o
configure:14864: g++ -c -g -O2  -o out/conftest2.o conftest.cpp >&5
configure:14868: $? = 0
configure:14890: result: yes
configure:14895: checking if g++ supports -c -o file.o
configure:14942: result: yes
configure:14972: checking whether the g++ linker (/usr/bin/ld -m elf_x86_64) supports shared libraries
configure:15012: result: yes
configure:15153: checking dynamic linker characteristics
configure:15898: result: GNU/Linux ld.so
configure:15963: checking how to hardcode library paths into programs
configure:15988: result: immediate
configure:16162: checking for C++ compiler version
configure:16171: g++ --version >&5
g++ (GCC) 4.8.5 20150623 (Red Hat 4.8.5-44)
Copyright (C) 2015 Free Software Foundation, Inc.
This is free software; see the source for copying conditions.  There is NO
warranty; not even for MERCHANTABILITY or FITNESS FOR A PARTICULAR PURPOSE.

configure:16182: $? = 0
configure:16171: g++ -v >&5
Using built-in specs.
COLLECT_GCC=g++
COLLECT_LTO_WRAPPER=/usr/libexec/gcc/x86_64-redhat-linux/4.8.5/lto-wrapper
Target: x86_64-redhat-linux
Configured with: ../configure --prefix=/usr --mandir=/usr/share/man --infodir=/usr/share/info --with-bugurl=http://bugzilla.redhat.com/bugzilla --enable-bootstrap --enable-shared --enable-threads=posix --enable-checking=release --with-system-zlib --enable-__cxa_atexit --disable-libunwind-exceptions --enable-gnu-unique-object --enable-linker-build-id --with-linker-hash-style=gnu --enable-languages=c,c++,objc,obj-c++,java,fortran,ada,go,lto --enable-plugin --enable-initfini-array --disable-libgcj --with-isl=/builddir/build/BUILD/gcc-4.8.5-20150702/obj-x86_64-redhat-linux/isl-install --with-cloog=/builddir/build/BUILD/gcc-4.8.5-20150702/obj-x86_64-redhat-linux/cloog-install --enable-gnu-indirect-function --with-tune=generic --with-arch_32=x86-64 --build=x86_64-redhat-linux
Thread model: posix
gcc version 4.8.5 20150623 (Red Hat 4.8.5-44) (GCC) 
configure:16182: $? = 0
configure:16171: g++ -V >&5
g++: error: unrecognized command line option '-V'
g++: fatal error: no input files
compilation terminated.
configure:16182: $? = 4
configure:16171: g++ -qversion >&5
g++: error: unrecognized command line option '-qversion'
g++: fatal error: no input files
compilation terminated.
configure:16182: $? = 4
configure:16186: checking whether we are using the GNU C++ compiler
configure:16214: result: yes
configure:16223: checking whether g++ accepts -g
configure:16284: result: yes
configure:16359: checking for gcc
configure:16386: result: gcc
configure:16615: checking for C compiler version
configure:16624: gcc --version >&5
gcc (GCC) 4.8.5 20150623 (Red Hat 4.8.5-44)
Copyright (C) 2015 Free Software Foundation, Inc.
This is free software; see the source for copying conditions.  There is NO
warranty; not even for MERCHANTABILITY or FITNESS FOR A PARTICULAR PURPOSE.

configure:16635: $? = 0
configure:16624: gcc -v >&5
Using built-in specs.
COLLECT_GCC=gcc
COLLECT_LTO_WRAPPER=/usr/libexec/gcc/x86_64-redhat-linux/4.8.5/lto-wrapper
Target: x86_64-redhat-linux
Configured with: ../configure --prefix=/usr --mandir=/usr/share/man --infodir=/usr/share/info --with-bugurl=http://bugzilla.redhat.com/bugzilla --enable-bootstrap --enable-shared --enable-threads=posix --enable-checking=release --with-system-zlib --enable-__cxa_atexit --disable-libunwind-exceptions --enable-gnu-unique-object --enable-linker-build-id --with-linker-hash-style=gnu --enable-languages=c,c++,objc,obj-c++,java,fortran,ada,go,lto --enable-plugin --enable-initfini-array --disable-libgcj --with-isl=/builddir/build/BUILD/gcc-4.8.5-20150702/obj-x86_64-redhat-linux/isl-install --with-cloog=/builddir/build/BUILD/gcc-4.8.5-20150702/obj-x86_64-redhat-linux/cloog-install --enable-gnu-indirect-function --with-tune=generic --with-arch_32=x86-64 --build=x86_64-redhat-linux
Thread model: posix
gcc version 4.8.5 20150623 (Red Hat 4.8.5-44) (GCC) 
configure:16635: $? = 0
configure:16624: gcc -V >&5
gcc: error: unrecognized command line option '-V'
gcc: fatal error: no input files
compilation terminated.
configure:16635: $? = 4
configure:16624: gcc -qversion >&5
gcc: error: unrecognized command line option '-qversion'
gcc: fatal error: no input files
compilation terminated.
configure:16635: $? = 4
configure:16639: checking whether we are using the GNU C compiler
configure:16667: result: yes
configure:16676: checking whether gcc accepts -g
configure:16737: result: yes
configure:16754: checking for gcc option to accept ISO C89
configure:16830: result: none needed
configure:16855: checking whether gcc understands -c and -o together
configure:16892: result: yes
configure:16913: checking whether to enable debug flags when compiling
configure:16939: result: no
configure:16981: checking whether g++ supports C++11 features with -std=gnu++11
configure:17280: g++ -g -O2 -Wall -c -g -O2 -Wall  conftest.cpp >&5
conftest.cpp:35:2: error: #error "This is not a C++11 compiler"
 #error "This is not a C++11 compiler"
  ^
configure:17280: $? = 1
configure: failed program was:
| /* confdefs.h */
| #define PACKAGE_NAME "emit"
| #define PACKAGE_TARNAME "emit"
| #define PACKAGE_VERSION "1.0.0"
| #define PACKAGE_STRING "emit 1.0.0"
| #define PACKAGE_BUGREPORT ""
| #define PACKAGE_URL ""
| #define STDC_HEADERS 1
| #define HAVE_SYS_TYPES_H 1
| #define HAVE_SYS_STAT_H 1
| #define HAVE_STDLIB_H 1
| #define HAVE_STRING_H 1
| #define HAVE_MEMORY_H 1
| #define HAVE_STRINGS_H 1
| #define HAVE_INTTYPES_H 1
| #define HAVE_STDINT_H 1
| #define HAVE_UNISTD_H 1
| #define HAVE_DLFCN_H 1
| #define PACKAGE "emit"
| #define VERSION "1.0.0"
| #define LT_OBJDIR ".libs/"
| #define BOOST_DISABLE_ASSERTS /**/
| /* end confdefs.h.  */
| 
| 
| // If the compiler admits that it is not ready for C++11, why torture it?
| // Hopefully, this will speed up the test.
| 
| #ifndef __cplusplus
| 
| #error "This is not a C++ compiler"
| 
| #elif __cplusplus < 201103L
| 
| #error "This is not a C++11 compiler"
| 
| #else
| 
| namespace cxx11
| {
| 
|   namespace test_static_assert
|   {
| 
|     template <typename T>
|     struct check
|     {
|       static_assert(sizeof(int) <= sizeof(T), "not big enough");
|     };
| 
|   }
| 
|   namespace test_final_override
|   {
| 
|     struct Base
|     {
|       virtual ~Base() {}
|       virtual void f() {}
|     };
| 
|     struct Derived : public Base
|     {
|       virtual ~Derived() override {}
|       virtual void f() override {}
|     };
| 
|   }
| 
|   namespace test_double_right_angle_brackets
|   {
| 
|     template < typename T >
|     struct check {};
| 
|     typedef check<void> single_type;
|     typedef check<check<void>> double_type;
|     typedef check<check<check<void>>> triple_type;
|     typedef check<check<check<check<void>>>> quadruple_type;
| 
|   }
| 
|   namespace test_decltype
|   {
| 
|     int
|     f()
|     {
|       int a = 1;
|       decltype(a) b = 2;
|       return a + b;
|     }
| 
|   }
| 
|   namespace test_type_deduction
|   {
| 
|     template < typename T1, typename T2 >
|     struct is_same
|     {
|       static const bool value = false;
|     };
| 
|     template < typename T >
|     struct is_same<T, T>
|     {
|       static const bool value = true;
|     };
| 
|     template < typename T1, typename T2 >
|     auto
|     add(T1 a1, T2 a2) -> decltype(a1 + a2)
|     {
|       return a1 + a2;
|     }
| 
|     int
|     test(const int c, volatile int v)
|     {
|       static_assert(is_same<int, decltype(0)>::value == true, "");
|       static_assert(is_same<int, decltype(c)>::value == false, "");
|       static_assert(is_same<int, decltype(v)>::value == false, "");
|       auto ac = c;
|       auto av = v;
|       auto sumi = ac + av + 'x';
|       auto sumf = ac + av + 1.0;
|       static_assert(is_same<int, decltype(ac)>::value == true, "");
|       static_assert(is_same<int, decltype(av)>::value == true, "");
|       static_assert(is_same<int, decltype(sumi)>::value == true, "");
|       static_assert(is_same<int, decltype(sumf)>::value == false, "");
|       static_assert(is_same<int, decltype(add(c, v))>::value == true, "");
|       return (sumf > 0.0) ? sumi : add(c, v);
|     }
| 
|   }
| 
|   namespace test_noexcept
|   {
| 
|     int f() { return 0; }
|     int g() noexcept { return 0; }
| 
|     static_assert(noexcept(f()) == false, "");
|     static_assert(noexcept(g()) == true, "");
| 
|   }
| 
|   namespace test_constexpr
|   {
| 
|     template < typename CharT >
|     unsigned long constexpr
|     strlen_c_r(const CharT *const s, const unsigned long acc) noexcept
|     {
|       return *s ? strlen_c_r(s + 1, acc + 1) : acc;
|     }
| 
|     template < typename CharT >
|     unsigned long constexpr
|     strlen_c(const CharT *const s) noexcept
|     {
|       return strlen_c_r(s, 0UL);
|     }
| 
|     static_assert(strlen_c("") == 0UL, "");
|     static_assert(strlen_c("1") == 1UL, "");
|     static_assert(strlen_c("example") == 7UL, "");
|     static_assert(strlen_c("another\0example") == 7UL, "");
| 
|   }
| 
|   namespace test_rvalue_references
|   {
| 
|     template < int N >
|     struct answer
|     {
|       static constexpr int value = N;
|     };
| 
|     answer<1> f(int&)       { return answer<1>(); }
|     answer<2> f(const int&) { return answer<2>(); }
|     answer<3> f(int&&)      { return answer<3>(); }
| 
|     void
|     test()
|     {
|       int i = 0;
|       const int c = 0;
|       static_assert(decltype(f(i))::value == 1, "");
|       static_assert(decltype(f(c))::value == 2, "");
|       static_assert(decltype(f(0))::value == 3, "");
|     }
| 
|   }
| 
|   namespace test_uniform_initialization
|   {
| 
|     struct test
|     {
|       static const int zero {};
|       static const int one {1};
|     };
| 
|     static_assert(test::zero == 0, "");
|     static_assert(test::one == 1, "");
| 
|   }
| 
|   namespace test_lambdas
|   {
| 
|     void
|     test1()
|     {
|       auto lambda1 = [](){};
|       auto lambda2 = lambda1;
|       lambda1();
|       lambda2();
|     }
| 
|     int
|     test2()
|     {
|       auto a = [](int i, int j){ return i + j; }(1, 2);
|       auto b = []() -> int { return '0'; }();
|       auto c = [=](){ return a + b; }();
|       auto d = [&](){ return c; }();
|       auto e = [a, &b](int x) mutable {
|         const auto identity = [](int y){ return y; };
|         for (auto i = 0; i < a; ++i)
|           a += b--;
|         return x + identity(a + b);
|       }(0);
|       return a + b + c + d + e;
|     }
| 
|     int
|     test3()
|     {
|       const auto nullary = [](){ return 0; };
|       const auto unary = [](int x){ return x; };
|       using nullary_t = decltype(nullary);
|       using unary_t = decltype(unary);
|       const auto higher1st = [](nullary_t f){ return f(); };
|       const auto higher2nd = [unary](nullary_t f1){
|         return [unary, f1](unary_t f2){ return f2(unary(f1())); };
|       };
|       return higher1st(nullary) + higher2nd(nullary)(unary);
|     }
| 
|   }
| 
|   namespace test_variadic_templates
|   {
| 
|     template <int...>
|     struct sum;
| 
|     template <int N0, int... N1toN>
|     struct sum<N0, N1toN...>
|     {
|       static constexpr auto value = N0 + sum<N1toN...>::value;
|     };
| 
|     template <>
|     struct sum<>
|     {
|       static constexpr auto value = 0;
|     };
| 
|     static_assert(sum<>::value == 0, "");
|     static_assert(sum<1>::value == 1, "");
|     static_assert(sum<23>::value == 23, "");
|     static_assert(sum<1, 2>::value == 3, "");
|     static_assert(sum<5, 5, 11>::value == 21, "");
|     static_assert(sum<2, 3, 5, 7, 11, 13>::value == 41, "");
| 
|   }
| 
|   // http://stackoverflow.com/questions/13728184/template-aliases-and-sfinae
|   // Clang 3.1 fails with headers of libstd++ 4.8.3 when using std::function
|   // because of this.
|   namespace test_template_alias_sfinae
|   {
| 
|     struct foo {};
| 
|     template<typename T>
|     using member = typename T::member_type;
| 
|     template<typename T>
|     void func(...) {}
| 
|     template<typename T>
|     void func(member<T>*) {}
| 
|     void test();
| 
|     void test() { func<foo>(0); }
| 
|   }
| 
| }  // namespace cxx11
| 
| #endif  // __cplusplus >= 201103L
| 
| 
| 
configure:17576: g++ -std=gnu++11 -c -g -O2 -Wall  conftest.cpp >&5
configure:17576: $? = 0
configure:17588: result: yes
configure:17703: checking for pkg-config
configure:17721: found /usr/bin/pkg-config
configure:17733: result: /usr/bin/pkg-config
configure:17758: checking pkg-config is at least version 0.9.0
configure:17761: result: yes
configure:17819: checking for GEOCAL
configure:17826: $PKG_CONFIG --exists --print-errors "geocal"
configure:17829: $? = 0
configure:17843: $PKG_CONFIG --exists --print-errors "geocal"
configure:17846: $? = 0
configure:17904: result: yes
configure:17913: $PKG_CONFIG --exists --print-errors "geocal"
configure:17916: $? = 0
configure:17936: $PKG_CONFIG --exists --print-errors "geocal"
configure:17939: $? = 0
configure:17972: checking for h5diff
configure:17990: found /opt/afids_support/bin/h5diff
configure:18003: result: /opt/afids_support/bin/h5diff
configure:18019: checking for parallel
configure:18037: found /opt/afids_support/bin/parallel
configure:18050: result: /opt/afids_support/bin/parallel
configure:18118: checking for python
configure:18379: checking for python
configure:18397: found /opt/afids_support/bin/python
configure:18409: result: /opt/afids_support/bin/python
configure:18474: checking for a version of Python >= '3.4.0'
configure:18480: result: yes
configure:18501: checking Checking for python-config
configure:18550: checking for python3.9-config
configure:18568: found /opt/afids_support/bin/python3.9-config
configure:18580: result: /opt/afids_support/bin/python3.9-config
configure:18603: result: yes
configure:18625: checking Checking if python-config results are accurate
configure:18646: gcc -o conftest -g -O2 -Wall  -I/opt/afids_support/include/python3.9 -I/opt/afids_support/include/python3.9  conftest.c   >&5
/tmp/ccbRUu57.o: In function `main':
/bigdata/mhessflores/aviris-ng/emit-sds-l1b-geo/conftest.c:30: undefined reference to `Py_Initialize'
collect2: error: ld returned 1 exit status
configure:18646: $? = 1
configure: failed program was:
| /* confdefs.h */
| #define PACKAGE_NAME "emit"
| #define PACKAGE_TARNAME "emit"
| #define PACKAGE_VERSION "1.0.0"
| #define PACKAGE_STRING "emit 1.0.0"
| #define PACKAGE_BUGREPORT ""
| #define PACKAGE_URL ""
| #define STDC_HEADERS 1
| #define HAVE_SYS_TYPES_H 1
| #define HAVE_SYS_STAT_H 1
| #define HAVE_STDLIB_H 1
| #define HAVE_STRING_H 1
| #define HAVE_MEMORY_H 1
| #define HAVE_STRINGS_H 1
| #define HAVE_INTTYPES_H 1
| #define HAVE_STDINT_H 1
| #define HAVE_UNISTD_H 1
| #define HAVE_DLFCN_H 1
| #define PACKAGE "emit"
| #define VERSION "1.0.0"
| #define LT_OBJDIR ".libs/"
| #define BOOST_DISABLE_ASSERTS /**/
| #define HAVE_CXX11 1
| /* end confdefs.h.  */
| 
|     #include <Python.h>
| int
| main ()
| {
| Py_Initialize();
|   ;
|   return 0;
| }
| 
configure:18678: checking python module: numpy
configure:18688: result: yes
configure:18709: checking python module: scipy
configure:18719: result: yes
configure:18740: checking python module: matplotlib
configure:18750: result: yes
configure:18772: checking python module: h5py
configure:18782: result: yes
configure:18803: checking python module: sphinx
configure:18813: result: yes
configure:18834: checking python module: sqlite3
configure:18844: result: yes
configure:18878: checking for sphinx-build
configure:18896: found /opt/afids_support/bin/sphinx-build
configure:18908: result: /opt/afids_support/bin/sphinx-build
configure:18940: checking for py.test
configure:18958: found /opt/afids_support/bin/py.test
configure:18970: result: /opt/afids_support/bin/py.test
configure:19664: checking for Doxygen
configure:19681: checking for doxygen
configure:19699: found /usr/bin/doxygen
configure:19711: result: /usr/bin/doxygen
configure:19734: result: yes
configure:19839: checking for swig
configure:19857: found /usr/bin/swig
configure:19869: result: /usr/bin/swig
configure:19882: checking for SWIG version
configure:19885: result: 2.0.10
configure:19923: WARNING: SWIG version >= 3.0.7 is required.  You have 2.0.10.  You should look at http://www.swig.org
configure:20152: checking that generated files are newer than configure
configure:20158: result: done
configure:20245: creating ./config.status

## ---------------- ##
## Cache variables. ##
## ---------------- ##

ac_cv_build=x86_64-pc-linux-gnu
ac_cv_c_compiler_gnu=yes
ac_cv_cxx_compiler_gnu=yes
ac_cv_env_CCC_set=
ac_cv_env_CCC_value=
ac_cv_env_CC_set=
ac_cv_env_CC_value=
ac_cv_env_CFLAGS_set=
ac_cv_env_CFLAGS_value=
ac_cv_env_CPPFLAGS_set=
ac_cv_env_CPPFLAGS_value=
ac_cv_env_CPP_set=
ac_cv_env_CPP_value=
ac_cv_env_CXXCPP_set=
ac_cv_env_CXXCPP_value=
ac_cv_env_CXXFLAGS_set=
ac_cv_env_CXXFLAGS_value=
ac_cv_env_CXX_set=
ac_cv_env_CXX_value=
ac_cv_env_DEBUG_FLAGS_set=
ac_cv_env_DEBUG_FLAGS_value=
ac_cv_env_GEOCAL_CFLAGS_set=
ac_cv_env_GEOCAL_CFLAGS_value=
ac_cv_env_GEOCAL_LIBS_set=
ac_cv_env_GEOCAL_LIBS_value=
ac_cv_env_GEOCAL_SWIG_CFLAGS_set=
ac_cv_env_GEOCAL_SWIG_CFLAGS_value=
ac_cv_env_LDFLAGS_set=
ac_cv_env_LDFLAGS_value=
ac_cv_env_LIBS_set=
ac_cv_env_LIBS_value=
ac_cv_env_LT_SYS_LIBRARY_PATH_set=
ac_cv_env_LT_SYS_LIBRARY_PATH_value=
ac_cv_env_PKG_CONFIG_LIBDIR_set=
ac_cv_env_PKG_CONFIG_LIBDIR_value=
ac_cv_env_PKG_CONFIG_PATH_set=
ac_cv_env_PKG_CONFIG_PATH_value=
ac_cv_env_PKG_CONFIG_set=
ac_cv_env_PKG_CONFIG_value=
ac_cv_env_PYTEST_set=
ac_cv_env_PYTEST_value=
ac_cv_env_PYTHON_VERSION_set=
ac_cv_env_PYTHON_VERSION_value=
ac_cv_env_PYTHON_set=
ac_cv_env_PYTHON_value=
ac_cv_env_SPHINXBUILD_set=
ac_cv_env_SPHINXBUILD_value=
ac_cv_env_build_alias_set=
ac_cv_env_build_alias_value=
ac_cv_env_geocaldir_set=
ac_cv_env_geocaldir_value=
ac_cv_env_host_alias_set=
ac_cv_env_host_alias_value=
ac_cv_env_target_alias_set=
ac_cv_env_target_alias_value=
ac_cv_header_dlfcn_h=yes
ac_cv_header_inttypes_h=yes
ac_cv_header_memory_h=yes
ac_cv_header_stdc=yes
ac_cv_header_stdint_h=yes
ac_cv_header_stdlib_h=yes
ac_cv_header_string_h=yes
ac_cv_header_strings_h=yes
ac_cv_header_sys_stat_h=yes
ac_cv_header_sys_types_h=yes
ac_cv_header_unistd_h=yes
ac_cv_host=x86_64-pc-linux-gnu
ac_cv_objext=o
ac_cv_path_DOXYGEN=/usr/bin/doxygen
ac_cv_path_EGREP='/usr/bin/grep -E'
ac_cv_path_FGREP='/usr/bin/grep -F'
ac_cv_path_GREP=/usr/bin/grep
ac_cv_path_H5DIFF=/opt/afids_support/bin/h5diff
ac_cv_path_PARALLEL=/opt/afids_support/bin/parallel
ac_cv_path_PYTEST=/opt/afids_support/bin/py.test
ac_cv_path_PYTHON=/opt/afids_support/bin/python
ac_cv_path_SED=/usr/bin/sed
ac_cv_path_SPHINXBUILD=/opt/afids_support/bin/sphinx-build
ac_cv_path_SWIG=/usr/bin/swig
ac_cv_path_ac_pt_PKG_CONFIG=/usr/bin/pkg-config
ac_cv_path_ac_pt_PYTHON_CONFIG=/opt/afids_support/bin/python3.9-config
ac_cv_path_install='/usr/bin/install -c'
ac_cv_path_lt_DD=/usr/bin/dd
ac_cv_path_mkdir=/usr/bin/mkdir
ac_cv_prog_AWK=gawk
ac_cv_prog_CPP='gcc -E'
ac_cv_prog_CXXCPP='g++ -E'
ac_cv_prog_HAVE_CSH=yes
ac_cv_prog_HAVE_CXX=yes
ac_cv_prog_ac_ct_AR=ar
ac_cv_prog_ac_ct_CC=gcc
ac_cv_prog_ac_ct_CXX=g++
ac_cv_prog_ac_ct_OBJDUMP=objdump
ac_cv_prog_ac_ct_RANLIB=ranlib
ac_cv_prog_ac_ct_STRIP=strip
ac_cv_prog_cc_c89=
ac_cv_prog_cc_g=yes
ac_cv_prog_cxx_g=yes
ac_cv_prog_make_make_set=yes
am_cv_CC_dependencies_compiler_type=gcc3
am_cv_CXX_dependencies_compiler_type=gcc3
am_cv_make_support_nested_variables=yes
am_cv_prog_cc_c_o=yes
am_cv_prog_tar_pax=gnutar
ax_cv_cxx_compile_cxx11__std_gnupp11=yes
lt_cv_ar_at_file=@
lt_cv_archive_cmds_need_lc=no
lt_cv_deplibs_check_method=pass_all
lt_cv_file_magic_cmd='$MAGIC_CMD'
lt_cv_file_magic_test_file=
lt_cv_ld_reload_flag=-r
lt_cv_nm_interface='BSD nm'
lt_cv_objdir=.libs
lt_cv_path_LD=/usr/bin/ld
lt_cv_path_LDCXX='/usr/bin/ld -m elf_x86_64'
lt_cv_path_NM='/usr/bin/nm -B'
lt_cv_path_mainfest_tool=no
lt_cv_prog_compiler_c_o=yes
lt_cv_prog_compiler_c_o_CXX=yes
lt_cv_prog_compiler_pic='-fPIC -DPIC'
lt_cv_prog_compiler_pic_CXX='-fPIC -DPIC'
lt_cv_prog_compiler_pic_works=yes
lt_cv_prog_compiler_pic_works_CXX=yes
lt_cv_prog_compiler_rtti_exceptions=no
lt_cv_prog_compiler_static_works=no
lt_cv_prog_compiler_static_works_CXX=no
lt_cv_prog_gnu_ld=yes
lt_cv_prog_gnu_ldcxx=yes
lt_cv_sharedlib_from_linklib_cmd='printf %s\n'
lt_cv_shlibpath_overrides_runpath=no
lt_cv_sys_global_symbol_pipe='sed -n -e '\''s/^.*[	 ]\([ABCDGIRSTW][ABCDGIRSTW]*\)[	 ][	 ]*\([_A-Za-z][_A-Za-z0-9]*\)$/\1 \2 \2/p'\'' | sed '\''/ __gnu_lto/d'\'''
lt_cv_sys_global_symbol_to_c_name_address='sed -n -e '\''s/^: \(.*\) .*$/  {"\1", (void *) 0},/p'\'' -e '\''s/^[ABCDGIRSTW][ABCDGIRSTW]* .* \(.*\)$/  {"\1", (void *) \&\1},/p'\'''
lt_cv_sys_global_symbol_to_c_name_address_lib_prefix='sed -n -e '\''s/^: \(.*\) .*$/  {"\1", (void *) 0},/p'\'' -e '\''s/^[ABCDGIRSTW][ABCDGIRSTW]* .* \(lib.*\)$/  {"\1", (void *) \&\1},/p'\'' -e '\''s/^[ABCDGIRSTW][ABCDGIRSTW]* .* \(.*\)$/  {"lib\1", (void *) \&\1},/p'\'''
lt_cv_sys_global_symbol_to_cdecl='sed -n -e '\''s/^T .* \(.*\)$/extern int \1();/p'\'' -e '\''s/^[ABCDGIRSTW][ABCDGIRSTW]* .* \(.*\)$/extern char \1;/p'\'''
lt_cv_sys_global_symbol_to_import=
lt_cv_sys_max_cmd_len=1572864
lt_cv_to_host_file_cmd=func_convert_file_noop
lt_cv_to_tool_file_cmd=func_convert_file_noop
lt_cv_truncate_bin='/usr/bin/dd bs=4096 count=1'
pkg_cv_GEOCAL_CFLAGS='-isystem/opt/afids_support/include -DBOOST_TEST_DYN_LINK $(HDF5_CFLAGS) -I/opt/afids/include -I/opt/afids/include/geocal -I/opt/afids_support/include/vicar_rtl -I/opt/afids_support/include -I/opt/afids_support/include/carto -I/opt/afids_support/include/hdfeos5 -I/opt/afids_support/include/  '
pkg_cv_GEOCAL_LIBS='-R/opt/afids/lib -R /opt/afids_support/lib -R/opt/afids_support/lib $(HDF5_LIBS) -R/opt/afids_support/lib/ -L/opt/afids/lib -L/opt/afids_support/lib -L/opt/afids_support -L/opt/afids_support/lib/ -lgeocal -lgdal -lcrypto -lgeos_c -lexpat -lopenjp2 -lmfhdf -ldf -logdi -ljpeg -lpng -lproj -ltiff -lpthread -lrt -ldl -lpcre -lboost_regex -lboost_date_time -lboost_iostreams -lboost_filesystem -lboost_system -lboost_serialization -lblitz -lhe5_hdfeos -lGctp -lgsl -lgslcblas -lfftw3 -lm -lhdf5_cpp -lhdf5_hl -lhdf5 -lz  '
pkg_cv_GEOCAL_SWIG_CFLAGS=-I/opt/afids/share/geocal/swig
pkg_cv_geocaldir=/opt/afids

## ----------------- ##
## Output variables. ##
## ----------------- ##

ACLOCAL='${SHELL} /bigdata/mhessflores/aviris-ng/emit-sds-l1b-geo/config/missing aclocal-1.16'
AMDEPBACKSLASH='\'
AMDEP_FALSE='#'
AMDEP_TRUE=''
AMTAR='$${TAR-tar}'
AM_BACKSLASH='\'
AM_DEFAULT_V='$(AM_DEFAULT_VERBOSITY)'
AM_DEFAULT_VERBOSITY='1'
AM_V='$(V)'
AR='ar'
AUTOCONF='${SHELL} /bigdata/mhessflores/aviris-ng/emit-sds-l1b-geo/config/missing autoconf'
AUTOHEADER='${SHELL} /bigdata/mhessflores/aviris-ng/emit-sds-l1b-geo/config/missing autoheader'
AUTOMAKE='${SHELL} /bigdata/mhessflores/aviris-ng/emit-sds-l1b-geo/config/missing automake-1.16'
AWK='gawk'
BUILD_DOXYGEN_FALSE=''
BUILD_DOXYGEN_TRUE='#'
BUILD_PYTHON_FALSE=''
BUILD_PYTHON_TRUE='#'
CC='gcc'
CCDEPMODE='depmode=gcc3'
CFLAGS='-g -O2 -Wall'
CPP='gcc -E'
CPPFLAGS=''
CXX='g++'
CXXCPP='g++ -E -std=gnu++11'
CXXDEPMODE='depmode=gcc3'
CXXFLAGS='-g -O2 -Wall -std=gnu++11'
CYGPATH_W='echo'
DEBUG_FLAGS=''
DEFS='-DPACKAGE_NAME=\"emit\" -DPACKAGE_TARNAME=\"emit\" -DPACKAGE_VERSION=\"1.0.0\" -DPACKAGE_STRING=\"emit\ 1.0.0\" -DPACKAGE_BUGREPORT=\"\" -DPACKAGE_URL=\"\" -DSTDC_HEADERS=1 -DHAVE_SYS_TYPES_H=1 -DHAVE_SYS_STAT_H=1 -DHAVE_STDLIB_H=1 -DHAVE_STRING_H=1 -DHAVE_MEMORY_H=1 -DHAVE_STRINGS_H=1 -DHAVE_INTTYPES_H=1 -DHAVE_STDINT_H=1 -DHAVE_UNISTD_H=1 -DHAVE_DLFCN_H=1 -DPACKAGE=\"emit\" -DVERSION=\"1.0.0\" -DLT_OBJDIR=\".libs/\" -DBOOST_DISABLE_ASSERTS=/\*\*/ -DHAVE_CXX11=1'
DEPDIR='.deps'
DLLTOOL='false'
DOXYGEN='/usr/bin/doxygen'
DSYMUTIL=''
DUMPBIN=''
ECHO_C=''
ECHO_N='-n'
ECHO_T=''
EGREP='/usr/bin/grep -E'
EXEEXT=''
FGREP='/usr/bin/grep -F'
GEOCAL_CFLAGS='-isystem/opt/afids_support/include -DBOOST_TEST_DYN_LINK $(HDF5_CFLAGS) -I/opt/afids/include -I/opt/afids/include/geocal -I/opt/afids_support/include/vicar_rtl -I/opt/afids_support/include -I/opt/afids_support/include/carto -I/opt/afids_support/include/hdfeos5 -I/opt/afids_support/include/  '
GEOCAL_LIBS='-R/opt/afids/lib -R /opt/afids_support/lib -R/opt/afids_support/lib $(HDF5_LIBS) -R/opt/afids_support/lib/ -L/opt/afids/lib -L/opt/afids_support/lib -L/opt/afids_support -L/opt/afids_support/lib/ -lgeocal -lgdal -lcrypto -lgeos_c -lexpat -lopenjp2 -lmfhdf -ldf -logdi -ljpeg -lpng -lproj -ltiff -lpthread -lrt -ldl -lpcre -lboost_regex -lboost_date_time -lboost_iostreams -lboost_filesystem -lboost_system -lboost_serialization -lblitz -lhe5_hdfeos -lGctp -lgsl -lgslcblas -lfftw3 -lm -lhdf5_cpp -lhdf5_hl -lhdf5 -lz  '
GEOCAL_SWIG_CFLAGS='-I/opt/afids/share/geocal/swig'
GREP='/usr/bin/grep'
H5DIFF='/opt/afids_support/bin/h5diff'
HAVE_CSH='yes'
HAVE_CXX11='1'
HAVE_CXX='yes'
HAVE_DOXYGEN_FALSE='#'
HAVE_DOXYGEN_TRUE=''
HAVE_GCC_FALSE='#'
HAVE_GCC_TRUE=''
HAVE_PYTEST_FALSE='#'
HAVE_PYTEST_TRUE=''
HAVE_SPHINX_FALSE='#'
HAVE_SPHINX_TRUE=''
HAVE_SWIG_FALSE=''
HAVE_SWIG_TRUE='#'
INSTALL_DATA='${INSTALL} -m 644'
INSTALL_PROGRAM='${INSTALL}'
INSTALL_SCRIPT='${INSTALL}'
INSTALL_STRIP_PROGRAM='$(install_sh) -c -s'
LD='/usr/bin/ld -m elf_x86_64'
LDFLAGS=''
LIBOBJS=''
LIBS=''
LIBTOOL='$(SHELL) $(top_builddir)/libtool'
LIPO=''
LN_S='ln -s'
LTLIBOBJS=''
LT_SYS_LIBRARY_PATH=''
MAINT='#'
MAINTAINER_MODE_FALSE=''
MAINTAINER_MODE_TRUE='#'
MAKEINFO='${SHELL} /bigdata/mhessflores/aviris-ng/emit-sds-l1b-geo/config/missing makeinfo'
MANIFEST_TOOL=':'
MKDIR_P='/usr/bin/mkdir -p'
NM='/usr/bin/nm -B'
NMEDIT=''
OBJDUMP='objdump'
OBJEXT='o'
OTOOL64=''
OTOOL=''
PACKAGE='emit'
PACKAGE_BUGREPORT=''
PACKAGE_NAME='emit'
PACKAGE_STRING='emit 1.0.0'
PACKAGE_TARNAME='emit'
PACKAGE_URL=''
PACKAGE_VERSION='1.0.0'
PARALLEL='/opt/afids_support/bin/parallel'
PATH_SEPARATOR=':'
PKG_CONFIG='/usr/bin/pkg-config'
PKG_CONFIG_LIBDIR=''
PKG_CONFIG_PATH='/opt/afids/lib/pkgconfig:${prefix}/lib/pkgconfig:/opt/afids_support/lib/pkgconfig'
PYTEST='/opt/afids_support/bin/py.test'
PYTHON='/opt/afids_support/bin/python'
PYTHON_CONFIG='/opt/afids_support/bin/python3.9-config'
PYTHON_CPPFLAGS='-I/opt/afids_support/include/python3.9 -I/opt/afids_support/include/python3.9'
PYTHON_EXEC_PREFIX=''
PYTHON_LDFLAGS=' -L/opt/afids_support/lib  -lcrypt -lpthread -ldl  -lutil -lm -lm '
PYTHON_LDPATH='/opt/afids_support/lib:/opt/afids_support/lib64:'
PYTHON_NUMPY_CPPFLAGS='-I/home/mhessflores/.local/lib/python3.9/site-packages/numpy/core/include'
PYTHON_PLATFORM=''
PYTHON_PREFIX='/opt/afids_support'
PYTHON_VERSION=''
RANLIB='ranlib'
SED='/usr/bin/sed'
SET_MAKE=''
SHELL='/bin/sh'
SPHINXBUILD='/opt/afids_support/bin/sphinx-build'
STRIP='strip'
SWIG='echo "Error: SWIG version >= 3.0.7 is required.  You have 2.0.10.  You should look at http://www.swig.org" ; false -c++'
SWIG_LIB=''
SWIG_PYTHON_CPPFLAGS='-I/opt/afids_support/include/python3.9 -I/opt/afids_support/include/python3.9'
SWIG_PYTHON_OPT='-python'
VERSION='1.0.0'
WITH_DOCUMENTATION_FALSE='#'
WITH_DOCUMENTATION_TRUE=''
ac_ct_AR='ar'
ac_ct_CC='gcc'
ac_ct_CXX='g++'
ac_ct_DUMPBIN=''
afidsdatadir='/opt/afids/data'
am__EXEEXT_FALSE=''
am__EXEEXT_TRUE='#'
am__fastdepCC_FALSE='#'
am__fastdepCC_TRUE=''
am__fastdepCXX_FALSE='#'
am__fastdepCXX_TRUE=''
am__include='include'
am__isrc=''
am__leading_dot='.'
am__nodep='_no'
am__quote=''
am__tar='tar --format=posix -chf - "$$tardir"'
am__untar='tar -xf -'
bindir='${exec_prefix}/bin'
build='x86_64-pc-linux-gnu'
build_alias=''
build_cpu='x86_64'
build_os='linux-gnu'
build_python='no'
build_vendor='pc'
condaprefix=''
datadir='${datarootdir}'
datarootdir='${prefix}/share'
docdir='${datarootdir}/doc/${PACKAGE_TARNAME}'
docpythonsrc='python/doc'
dvidir='${docdir}'
emitpkgpythondir='${prefix}/${pythondir}/emit'
emitswigincdir='${prefix}/share/emit/swig'
exec_prefix='${prefix}'
geocaldir='/opt/afids'
host='x86_64-pc-linux-gnu'
host_alias=''
host_cpu='x86_64'
host_os='linux-gnu'
host_vendor='pc'
htmldir='${docdir}'
includedir='${prefix}/include'
infodir='${datarootdir}/info'
install_sh='${SHELL} /bigdata/mhessflores/aviris-ng/emit-sds-l1b-geo/config/install-sh'
installemitdir='${prefix}'
l1b_geo_src='l1b_geo'
libdir='${exec_prefix}/lib'
libexecdir='${exec_prefix}/libexec'
localedir='${datarootdir}/locale'
localstatedir='${prefix}/var'
mandir='${datarootdir}/man'
mkdir_p='$(MKDIR_P)'
oldincludedir='/usr/include'
pdfdir='${docdir}'
pkgconfigdir='${exec_prefix}/lib/pkgconfig'
pkgpyexecdir=''
pkgpythondir='${prefix}/${pythondir}/emit'
platpythondir='lib/python3.9/site-packages'
prefix='/bigdata/mhessflores/aviris-ng/emit-sds-l1b-geo/install'
program_transform_name='s,x,x,'
psdir='${docdir}'
pyexecdir=''
pythondir='lib/python3.9/site-packages'
pythondocdir='${prefix}/share/doc/emit/python'
pythonswigsrc='bindings/python'
sbindir='${exec_prefix}/sbin'
sharedstatedir='${prefix}/com'
srcemitbin='bin'
srclib='lib'
srcpython='python'
srcpythonbin='python/bin'
srcpythonlib='python/lib'
srcpythonscript='script'
srcscript='script'
swigincdir='${prefix}/share/emit/swig'
swigrules='swig_rules'
swigsrc='bindings/python/swig'
sysconfdir='${prefix}/etc'
target_alias=''
testdatadir='/ldata/smyth/emit-test-data'
testsupportsrc='python/test_support'
unittestdata='unit_test_data'

## ----------- ##
## confdefs.h. ##
## ----------- ##

/* confdefs.h */
#define PACKAGE_NAME "emit"
#define PACKAGE_TARNAME "emit"
#define PACKAGE_VERSION "1.0.0"
#define PACKAGE_STRING "emit 1.0.0"
#define PACKAGE_BUGREPORT ""
#define PACKAGE_URL ""
#define STDC_HEADERS 1
#define HAVE_SYS_TYPES_H 1
#define HAVE_SYS_STAT_H 1
#define HAVE_STDLIB_H 1
#define HAVE_STRING_H 1
#define HAVE_MEMORY_H 1
#define HAVE_STRINGS_H 1
#define HAVE_INTTYPES_H 1
#define HAVE_STDINT_H 1
#define HAVE_UNISTD_H 1
#define HAVE_DLFCN_H 1
#define PACKAGE "emit"
#define VERSION "1.0.0"
#define LT_OBJDIR ".libs/"
#define BOOST_DISABLE_ASSERTS /**/
#define HAVE_CXX11 1

configure: exit 0

## ---------------------- ##
## Running config.status. ##
## ---------------------- ##

This file was extended by emit config.status 1.0.0, which was
generated by GNU Autoconf 2.69.  Invocation command line was

  CONFIG_FILES    = 
  CONFIG_HEADERS  = 
  CONFIG_LINKS    = 
  CONFIG_COMMANDS = 
  $ ./config.status 

on rifle

config.status:1155: creating script/setup_emit.csh
config.status:1155: creating script/setup_emit.sh
config.status:1155: creating lib/global_fixture_default.cc
config.status:1155: creating emit_version.py
config.status:1155: creating Makefile
config.status:1327: executing depfiles commands
config.status:1404: cd .       && sed -e '/# am--include-marker/d' Makefile         | make -f - am--depfiles
make[1]: Entering directory `/bigdata/mhessflores/aviris-ng/emit-sds-l1b-geo'
make[1]: Nothing to be done for `am--depfiles'.
make[1]: Leaving directory `/bigdata/mhessflores/aviris-ng/emit-sds-l1b-geo'
config.status:1409: $? = 0
config.status:1327: executing libtool commands

## ---------------------- ##
## Running config.status. ##
## ---------------------- ##

This file was extended by emit config.status 1.0.0, which was
generated by GNU Autoconf 2.69.  Invocation command line was

  CONFIG_FILES    = 
  CONFIG_HEADERS  = 
  CONFIG_LINKS    = 
  CONFIG_COMMANDS = 
  $ ./config.status Makefile depfiles

on rifle

config.status:1155: creating Makefile
config.status:1327: executing depfiles commands
config.status:1404: cd .       && sed -e '/# am--include-marker/d' Makefile         | make -f - am--depfiles
make[1]: Entering directory `/bigdata/mhessflores/aviris-ng/emit-sds-l1b-geo'
make[1]: warning: jobserver unavailable: using -j1.  Add `+' to parent make rule.
make[1]: Nothing to be done for `am--depfiles'.
make[1]: Leaving directory `/bigdata/mhessflores/aviris-ng/emit-sds-l1b-geo'
config.status:1409: $? = 0
